[31.01.2023 13:27:49 ] [INFO] [main] [<module>: 7] => Start
[31.01.2023 13:27:54 ] [INFO] [user_interface] [ls_menu: 22] => The user has selected item number 1
[31.01.2023 13:28:01 ] [INFO] [user_interface] [ls_menu: 44] => The user has selected item number 5
[31.01.2023 13:28:08 ] [INFO] [user_interface] [ls_menu: 46] => User entered: {name}
[31.01.2023 13:28:11 ] [INFO] [user_interface] [ls_menu: 48] => User entered: {surname}
[31.01.2023 13:28:14 ] [INFO] [user_interface] [ls_menu: 50] => User entered: {number}
[31.01.2023 13:28:17 ] [INFO] [user_interface] [ls_menu: 52] => User entered: {email}
[31.01.2023 13:33:18 ] [INFO] [main] [<module>: 7] => Start
[31.01.2023 13:33:21 ] [INFO] [user_interface] [ls_menu: 22] => The user has selected item number 1
[31.01.2023 13:35:11 ] [INFO] [user_interface] [ñhecking_the_number: 156] => User entered an invalid menu value: {arg}
[31.01.2023 13:35:12 ] [INFO] [user_interface] [ñhecking_the_number: 156] => User entered an invalid menu value: {arg}
[31.01.2023 13:35:15 ] [INFO] [user_interface] [ñhecking_the_number: 156] => User entered an invalid menu value: {arg}
[31.01.2023 13:35:27 ] [INFO] [main] [<module>: 7] => Start
[31.01.2023 13:37:58 ] [INFO] [user_interface] [ñhecking_the_number: 62] => User entered an invalid menu value: {arg}
[31.01.2023 13:38:01 ] [INFO] [user_interface] [ñhecking_the_number: 62] => User entered an invalid menu value: {arg}
[31.01.2023 13:38:02 ] [INFO] [user_interface] [ñhecking_the_number: 62] => User entered an invalid menu value: {arg}
[31.01.2023 13:38:11 ] [INFO] [user_interface] [ñhecking_the_number: 62] => User entered an invalid menu value: {arg}
[31.01.2023 13:38:16 ] [INFO] [user_interface] [ñhecking_the_number: 62] => User entered an invalid menu value: {arg}
[31.01.2023 13:38:19 ] [INFO] [user_interface] [ñhecking_the_number: 62] => User entered an invalid menu value: {arg}
[31.01.2023 13:38:21 ] [INFO] [user_interface] [ls_menu: 36] => The user has selected item number 4
[31.01.2023 13:38:22 ] [INFO] [user_interface] [ls_menu: 38] => User entered: {search}
[31.01.2023 13:39:34 ] [INFO] [user_interface] [ñhecking_the_number: 62] => User entered an invalid menu value: {arg}
[31.01.2023 13:39:38 ] [INFO] [user_interface] [ls_menu: 36] => The user has selected item number 4
[31.01.2023 13:39:40 ] [INFO] [user_interface] [ls_menu: 38] => User entered: {search}
[31.01.2023 13:40:15 ] [INFO] [user_interface] [ñhecking_the_number: 62] => User entered an invalid menu value: {arg}
[31.01.2023 13:40:23 ] [INFO] [user_interface] [ls_menu: 36] => The user has selected item number 4
[31.01.2023 13:40:25 ] [INFO] [user_interface] [ls_menu: 38] => User entered: {search}
[31.01.2023 13:41:03 ] [INFO] [user_interface] [ñhecking_the_number: 62] => User entered an invalid menu value: {arg}
[31.01.2023 13:41:05 ] [INFO] [user_interface] [ls_menu: 20] => The user has selected item number 1
[31.01.2023 13:41:30 ] [INFO] [user_interface] [ñhecking_the_number: 62] => User entered an invalid menu value: {arg}
[31.01.2023 13:41:32 ] [INFO] [user_interface] [ls_menu: 20] => The user has selected item number 1
[31.01.2023 13:41:37 ] [INFO] [user_interface] [ls_menu: 36] => The user has selected item number 4
[31.01.2023 13:41:39 ] [INFO] [user_interface] [ls_menu: 38] => User entered: {search}
